0 info it worked if it ends with ok
1 verbose cli [ 'C:\\Program Files\\nodejs\\node.exe',
1 verbose cli   'C:\\Program Files\\nodejs\\node_modules\\npm\\bin\\npm-cli.js',
1 verbose cli   'run',
1 verbose cli   'docs' ]
2 info using npm@3.10.10
3 info using node@v6.11.4
4 verbose run-script [ 'predocs', 'docs', 'postdocs' ]
5 info lifecycle docs@1.0.0~predocs: docs@1.0.0
6 silly lifecycle docs@1.0.0~predocs: no script for predocs, continuing
7 info lifecycle docs@1.0.0~docs: docs@1.0.0
8 verbose lifecycle docs@1.0.0~docs: unsafe-perm in lifecycle true
9 verbose lifecycle docs@1.0.0~docs: PATH: C:\Program Files\nodejs\node_modules\npm\bin\node-gyp-bin;D:\WKDRV\githubDocs\portaldocs\node_modules\.bin;C:\Program Files (x86)\Intel\iCLS Client\;C:\Program Files\Intel\iCLS Client\;C:\WINDOWS\system32;C:\WINDOWS;C:\WINDOWS\System32\Wbem;C:\WINDOWS\System32\WindowsPowerShell\v1.0\;C:\Program Files (x86)\Intel\Intel(R) Management Engine Components\DAL;C:\Program Files\Intel\Intel(R) Management Engine Components\DAL;C:\Program Files (x86)\Intel\Intel(R) Management Engine Components\IPT;C:\Program Files\Intel\Intel(R) Management Engine Components\IPT;C:\Program Files\Microsoft SQL Server\130\Tools\Binn\;C:\Program Files\Microsoft\Web Platform Installer\;C:\Program Files\dotnet\;C:\Program Files (x86)\Microsoft SDKs\Azure\CLI\wbin;C:\Program Files\Microsoft Service Fabric\bin\Fabric\Fabric.Code;C:\Program Files\Microsoft SDKs\Service Fabric\Tools\ServiceFabricLocalClusterManager;C:\Program Files\nodejs\;C:\Program Files\Intel\WiFi\bin\;C:\Program Files\Common Files\Intel\WirelessCommon\;C:\Program Files\Git\cmd;C:\Users\v-yvric.REDMOND\AppData\Local\Microsoft\WindowsApps;C:\Users\v-yvric.REDMOND\AppData\Roaming\npm;C:\Program Files\Microsoft VS Code\bin;C:\Users\v-yvric.REDMOND\AppData\Local\GitHubDesktop\bin;%USERPROFILE%\AppData\Local\Microsoft\WindowsApps;
10 verbose lifecycle docs@1.0.0~docs: CWD: D:\WKDRV\githubDocs\portaldocs
11 silly lifecycle docs@1.0.0~docs: Args: [ '/d /s /c', 'gulp docs --verify' ]
12 silly lifecycle docs@1.0.0~docs: Returned: code: 1  signal: null
13 info lifecycle docs@1.0.0~docs: Failed to exec docs script
14 verbose stack Error: docs@1.0.0 docs: `gulp docs --verify`
14 verbose stack Exit status 1
14 verbose stack     at EventEmitter.<anonymous> (C:\Program Files\nodejs\node_modules\npm\lib\utils\lifecycle.js:255:16)
14 verbose stack     at emitTwo (events.js:106:13)
14 verbose stack     at EventEmitter.emit (events.js:191:7)
14 verbose stack     at ChildProcess.<anonymous> (C:\Program Files\nodejs\node_modules\npm\lib\utils\spawn.js:40:14)
14 verbose stack     at emitTwo (events.js:106:13)
14 verbose stack     at ChildProcess.emit (events.js:191:7)
14 verbose stack     at maybeClose (internal/child_process.js:920:16)
14 verbose stack     at Process.ChildProcess._handle.onexit (internal/child_process.js:230:5)
15 verbose pkgid docs@1.0.0
16 verbose cwd D:\WKDRV\githubDocs\portaldocs\portal-sdk\templates
17 error Windows_NT 10.0.16299
18 error argv "C:\\Program Files\\nodejs\\node.exe" "C:\\Program Files\\nodejs\\node_modules\\npm\\bin\\npm-cli.js" "run" "docs"
19 error node v6.11.4
20 error npm  v3.10.10
21 error code ELIFECYCLE
22 error docs@1.0.0 docs: `gulp docs --verify`
22 error Exit status 1
23 error Failed at the docs@1.0.0 docs script 'gulp docs --verify'.
23 error Make sure you have the latest version of node.js and npm installed.
23 error If you do, this is most likely a problem with the docs package,
23 error not with npm itself.
23 error Tell the author that this fails on your system:
23 error     gulp docs --verify
23 error You can get information on how to open an issue for this project with:
23 error     npm bugs docs
23 error Or if that isn't available, you can get their info via:
23 error     npm owner ls docs
23 error There is likely additional logging output above.
24 verbose exit [ 1, true ]
